The system is: Windows - 10.0.18363 - AMD64
Compiling the C compiler identification source file "CMakeCCompilerId.c" succeeded.
Compiler: C:/Program Files (x86)/Microsoft Visual Studio/2019/Community/VC/Tools/MSVC/14.28.29333/bin/Hostx64/x64/cl.exe 
Build flags: 
Id flags: -c 

The output was:
0
Оптимизирующий компилятор Microsoft (R) C/C++ версии 19.28.29333 для x64
(C) Корпорация Майкрософт (Microsoft Corporation).  Все права защищены.

CMakeCCompilerId.c


Compilation of the C compiler identification source "CMakeCCompilerId.c" produced "CMakeCCompilerId.obj"

The C compiler identification is MSVC, found in "C:/untitled7/out/build/x64-Debug (по умолчанию)/CMakeFiles/3.18.20081302-MSVC_2/CompilerIdC/CMakeCCompilerId.obj"

Compiling the C compiler identification source file "CMakeCCompilerId.c" succeeded.
Compiler: C:/Program Files (x86)/Microsoft Visual Studio/2019/Community/VC/Tools/MSVC/14.28.29333/bin/Hostx64/x64/cl.exe 
Build flags: /DWIN32;/D_WINDOWS
Id flags: -c 

The output was:
0
Оптимизирующий компилятор Microsoft (R) C/C++ версии 19.28.29333 для x64
(C) Корпорация Майкрософт (Microsoft Corporation).  Все права защищены.

CMakeCCompilerId.c


Compilation of the C compiler identification source "CMakeCCompilerId.c" produced "CMakeCCompilerId.obj"

The C compiler identification is MSVC, found in "C:/untitled7/out/build/x64-Debug (по умолчанию)/CMakeFiles/3.18.20081302-MSVC_2/CompilerIdC/CMakeCCompilerId.obj"

Compiling the C compiler identification source file "CMakeCCompilerId.c" succeeded.
Compiler: C:/Program Files (x86)/Microsoft Visual Studio/2019/Community/VC/Tools/MSVC/14.28.29333/bin/Hostx64/x64/cl.exe 
Build flags: /DWIN32;/D_WINDOWS
Id flags: -c 

The output was:
0
Оптимизирующий компилятор Microsoft (R) C/C++ версии 19.28.29333 для x64
(C) Корпорация Майкрософт (Microsoft Corporation).  Все права защищены.

CMakeCCompilerId.c


Compilation of the C compiler identification source "CMakeCCompilerId.c" produced "CMakeCCompilerId.obj"

The C compiler identification is MSVC, found in "C:/untitled7/out/build/x64-Debug (по умолчанию)/CMakeFiles/3.18.20081302-MSVC_2/CompilerIdC/CMakeCCompilerId.obj"

Compiling the C compiler identification source file "CMakeCCompilerId.c" succeeded.
Compiler: C:/Program Files (x86)/Microsoft Visual Studio/2019/Community/VC/Tools/MSVC/14.28.29333/bin/Hostx64/x64/cl.exe 
Build flags: /DWIN32;/D_WINDOWS
Id flags: -c 

The output was:
0
Оптимизирующий компилятор Microsoft (R) C/C++ версии 19.28.29333 для x64
(C) Корпорация Майкрософт (Microsoft Corporation).  Все права защищены.

CMakeCCompilerId.c


Compilation of the C compiler identification source "CMakeCCompilerId.c" produced "CMakeCCompilerId.obj"

The C compiler identification is MSVC, found in "C:/untitled7/out/build/x64-Debug (по умолчанию)/CMakeFiles/3.18.20081302-MSVC_2/CompilerIdC/CMakeCCompilerId.obj"

